TN:
SF:resolucoes\01.js
FN:6,celsiusToFahrenheit
FN:10,fahrenheitToCelsius
FNF:2
FNH:2
FNDA:5,celsiusToFahrenheit
FNDA:5,fahrenheitToCelsius
DA:1,1
DA:2,1
DA:3,1
DA:4,1
DA:5,1
DA:6,1
DA:7,5
DA:8,5
DA:9,1
DA:10,1
DA:11,5
DA:12,5
DA:13,1
DA:14,1
DA:15,1
DA:16,1
DA:17,1
DA:18,1
LF:18
LH:18
BRDA:6,0,0,5
BRDA:10,1,0,5
BRF:2
BRH:2
end_of_record
TN:
SF:resolucoes\02.js
FN:6,getIMC
FNF:1
FNH:1
FNDA:4,getIMC
DA:1,1
DA:2,1
DA:3,1
DA:4,1
DA:5,1
DA:6,1
DA:7,4
DA:8,4
DA:9,4
DA:10,1
DA:11,1
DA:12,1
DA:13,1
DA:14,1
LF:14
LH:14
BRDA:6,0,0,4
BRF:1
BRH:1
end_of_record
TN:
SF:resolucoes\03.js
FNF:0
FNH:0
DA:1,1
DA:2,1
DA:3,1
DA:4,1
DA:5,1
DA:6,1
DA:7,1
DA:8,1
DA:9,1
DA:10,1
DA:11,1
LF:11
LH:11
BRF:0
BRH:0
end_of_record
TN:
SF:resolucoes\04.js
FN:8,getArea
FN:9,getPerimeter
FNF:2
FNH:2
FNDA:4,getArea
FNDA:4,getPerimeter
DA:1,1
DA:2,1
DA:3,1
DA:4,1
DA:5,1
DA:6,1
DA:7,1
DA:8,1
DA:9,1
DA:10,1
DA:11,1
DA:12,1
DA:13,1
DA:14,1
DA:15,1
DA:16,1
DA:17,1
LF:17
LH:17
BRDA:8,0,0,4
BRDA:9,1,0,4
BRF:2
BRH:2
end_of_record
TN:
SF:resolucoes\05.js
FN:9,isDivisible
FNF:1
FNH:1
FNDA:11,isDivisible
DA:1,1
DA:2,1
DA:3,1
DA:4,1
DA:5,1
DA:6,1
DA:7,1
DA:8,1
DA:9,1
DA:10,1
DA:11,1
DA:12,1
DA:13,1
DA:14,1
DA:15,1
LF:15
LH:15
BRDA:13,0,0,0
BRDA:9,1,0,11
BRF:2
BRH:1
end_of_record
TN:
SF:resolucoes\06.js
FN:5,getAgeGroup
FNF:1
FNH:1
FNDA:9,getAgeGroup
DA:1,1
DA:2,1
DA:3,1
DA:4,1
DA:5,9
DA:6,9
DA:7,1
DA:8,1
DA:9,1
DA:10,8
DA:11,9
DA:12,2
DA:13,2
DA:14,9
DA:15,2
DA:16,2
DA:17,9
DA:18,2
DA:19,2
DA:20,2
DA:21,2
DA:22,1
DA:23,1
LF:23
LH:23
BRDA:5,0,0,9
BRDA:6,1,0,1
BRDA:9,2,0,8
BRDA:11,3,0,2
BRDA:13,4,0,6
BRDA:14,5,0,2
BRDA:16,6,0,4
BRDA:17,7,0,2
BRF:8
BRH:8
end_of_record
TN:
SF:resolucoes\07.js
FN:9,compareNumbers
FNF:1
FNH:1
FNDA:4,compareNumbers
DA:1,1
DA:2,1
DA:3,1
DA:4,1
DA:5,1
DA:6,1
DA:7,1
DA:8,1
DA:9,1
DA:10,4
DA:11,4
DA:12,2
DA:13,2
DA:14,1
DA:15,1
DA:16,1
DA:17,1
DA:18,1
LF:18
LH:18
BRDA:9,0,0,4
BRDA:10,1,0,1
BRDA:10,2,0,3
BRDA:11,3,0,1
BRDA:11,4,0,2
BRF:5
BRH:5
end_of_record
TN:
SF:resolucoes\08.js
FN:5,showResult
FN:16,compute
FNF:2
FNH:2
FNDA:3,showResult
FNDA:9,compute
DA:1,1
DA:2,1
DA:3,1
DA:4,1
DA:5,3
DA:6,3
DA:7,3
DA:8,3
DA:9,3
DA:10,3
DA:11,3
DA:12,3
DA:13,3
DA:14,3
DA:15,1
DA:16,9
DA:17,9
DA:18,9
DA:19,2
DA:20,9
DA:21,1
DA:22,9
DA:23,1
DA:24,9
DA:25,4
DA:26,2
DA:27,2
DA:28,2
DA:29,2
DA:30,9
DA:31,1
DA:32,9
DA:33,9
DA:34,1
DA:35,1
LF:35
LH:35
BRDA:5,0,0,3
BRDA:16,1,0,9
BRDA:18,2,0,2
BRDA:20,3,0,1
BRDA:22,4,0,1
BRDA:24,5,0,4
BRDA:25,6,0,2
BRDA:30,7,0,1
BRF:8
BRH:8
end_of_record
TN:
SF:resolucoes\09.js
FN:5,showResult
FN:10,computeFee
FN:20,isFreeFee
FN:24,isElder
FNF:4
FNH:3
FNDA:0,showResult
FNDA:7,computeFee
FNDA:10,isFreeFee
FNDA:6,isElder
DA:1,1
DA:2,1
DA:3,1
DA:4,1
DA:5,0
DA:6,0
DA:7,0
DA:8,0
DA:9,1
DA:10,7
DA:11,7
DA:12,7
DA:13,7
DA:14,7
DA:15,7
DA:16,1
DA:17,1
DA:18,1
DA:19,1
DA:20,10
DA:21,10
DA:22,10
DA:23,1
DA:24,6
DA:25,6
DA:26,6
DA:27,1
DA:28,1
DA:29,1
DA:30,1
DA:31,1
DA:32,1
DA:33,1
DA:34,1
LF:34
LH:30
BRDA:10,0,0,7
BRDA:13,1,0,2
BRDA:13,2,0,5
BRDA:14,3,0,2
BRDA:14,4,0,3
BRDA:15,5,0,2
BRDA:15,6,0,1
BRDA:20,7,0,10
BRDA:24,8,0,6
BRF:9
BRH:9
end_of_record
TN:
SF:resolucoes\10.js
FN:7,getSum
FNF:1
FNH:1
FNDA:6,getSum
DA:1,1
DA:2,1
DA:3,1
DA:4,1
DA:5,1
DA:6,1
DA:7,6
DA:8,6
DA:9,6
DA:10,6
DA:11,154
DA:12,154
DA:13,6
DA:14,6
DA:15,6
DA:16,1
DA:17,1
DA:18,1
DA:19,1
DA:20,1
LF:20
LH:20
BRDA:7,0,0,6
BRDA:10,1,0,154
BRF:2
BRH:2
end_of_record
TN:
SF:resolucoes\11.js
FN:7,showMultiplicationTable
FNF:1
FNH:1
FNDA:2,showMultiplicationTable
DA:1,1
DA:2,1
DA:3,1
DA:4,1
DA:5,1
DA:6,1
DA:7,2
DA:8,2
DA:9,2
DA:10,2
DA:11,2
DA:12,2
DA:13,20
DA:14,20
DA:15,20
DA:16,2
DA:17,1
DA:18,1
DA:19,1
DA:20,1
DA:21,1
LF:21
LH:21
BRDA:7,0,0,2
BRDA:12,1,0,20
BRF:2
BRH:2
end_of_record
TN:
SF:resolucoes\12.js
FN:4,showPrimeNumbers
FN:17,isPrime
FNF:2
FNH:2
FNDA:2,showPrimeNumbers
FNDA:66,isPrime
DA:1,1
DA:2,1
DA:3,1
DA:4,2
DA:5,2
DA:6,2
DA:7,2
DA:8,2
DA:9,58
DA:10,19
DA:11,19
DA:12,58
DA:13,2
DA:14,2
DA:15,2
DA:16,1
DA:17,66
DA:18,66
DA:19,379
DA:20,379
DA:21,23
DA:22,23
DA:23,23
DA:24,1
DA:25,1
DA:26,1
DA:27,1
DA:28,1
DA:29,1
LF:29
LH:29
BRDA:4,0,0,2
BRDA:8,1,0,58
BRDA:9,2,0,19
BRDA:17,3,0,66
BRDA:18,4,0,379
BRDA:19,5,0,43
BRDA:20,6,0,23
BRF:7
BRH:7
end_of_record
TN:
SF:resolucoes\13.js
FN:4,showPattern
FN:10,showReversePattern
FN:16,showFullPattern
FNF:3
FNH:3
FNDA:4,showPattern
FNDA:4,showReversePattern
FNDA:2,showFullPattern
DA:1,1
DA:2,1
DA:3,1
DA:4,4
DA:5,4
DA:6,16
DA:7,16
DA:8,4
DA:9,1
DA:10,4
DA:11,4
DA:12,14
DA:13,14
DA:14,4
DA:15,1
DA:16,2
DA:17,2
DA:18,2
DA:19,2
DA:20,1
DA:21,1
DA:22,1
DA:23,1
DA:24,1
DA:25,1
DA:26,1
DA:27,1
DA:28,1
DA:29,1
DA:30,1
DA:31,1
LF:31
LH:31
BRDA:4,0,0,4
BRDA:5,1,0,16
BRDA:10,2,0,4
BRDA:11,3,0,14
BRDA:16,4,0,2
BRF:5
BRH:5
end_of_record
TN:
SF:resolucoes\14.js
FN:4,fibonacci
FN:14,showFibonacci
FNF:2
FNH:2
FNDA:9236,fibonacci
FNDA:3,showFibonacci
DA:1,1
DA:2,1
DA:3,1
DA:4,9236
DA:5,9236
DA:6,9235
DA:7,9236
DA:8,7459
DA:9,9236
DA:10,4590
DA:11,4590
DA:12,4590
DA:13,1
DA:14,3
DA:15,3
DA:16,1
DA:17,1
DA:18,1
DA:19,2
DA:20,2
DA:21,2
DA:22,2
DA:23,3
DA:24,25
DA:25,25
DA:26,25
DA:27,2
DA:28,2
DA:29,2
DA:30,1
DA:31,1
DA:32,1
DA:33,1
DA:34,1
DA:35,1
LF:35
LH:35
BRDA:4,0,0,9236
BRDA:5,1,0,1
BRDA:5,2,0,9235
BRDA:7,3,0,1776
BRDA:7,4,0,7459
BRDA:9,5,0,2869
BRDA:9,6,0,4590
BRDA:14,7,0,3
BRDA:15,8,0,1
BRDA:18,9,0,2
BRDA:23,10,0,25
BRDA:26,11,0,2
BRF:12
BRH:12
end_of_record
TN:
SF:resolucoes\15.js
FN:5,isEven
FNF:1
FNH:1
FNDA:11,isEven
DA:1,1
DA:2,1
DA:3,1
DA:4,1
DA:5,11
DA:6,11
DA:7,11
DA:8,1
DA:9,1
DA:10,1
DA:11,5
DA:12,2
DA:13,5
DA:14,3
DA:15,3
DA:16,3
DA:17,5
DA:18,1
DA:19,1
DA:20,1
LF:20
LH:20
BRDA:10,0,0,5
BRDA:11,1,0,2
BRDA:13,2,0,3
BRDA:5,3,0,11
BRF:4
BRH:4
end_of_record
TN:
SF:resolucoes\16.js
FN:6,factorial
FNF:1
FNH:1
FNDA:6,factorial
DA:1,1
DA:2,1
DA:3,1
DA:4,1
DA:5,1
DA:6,6
DA:7,6
DA:8,1
DA:9,1
DA:10,5
DA:11,6
DA:12,1
DA:13,1
DA:14,4
DA:15,4
DA:16,6
DA:17,141
DA:18,141
DA:19,4
DA:20,4
DA:21,1
DA:22,1
LF:22
LH:22
BRDA:6,0,0,6
BRDA:7,1,0,1
BRDA:9,2,0,5
BRDA:11,3,0,1
BRDA:13,4,0,4
BRDA:16,5,0,141
BRDA:18,6,0,4
BRF:7
BRH:7
end_of_record
TN:
SF:resolucoes\17.js
FN:5,max
FN:9,min
FNF:2
FNH:2
FNDA:3,max
FNDA:3,min
DA:1,1
DA:2,1
DA:3,1
DA:4,1
DA:5,3
DA:6,3
DA:7,3
DA:8,1
DA:9,3
DA:10,3
DA:11,3
DA:12,1
DA:13,1
DA:14,1
LF:14
LH:14
BRDA:5,0,0,3
BRDA:6,1,0,1
BRDA:6,2,0,2
BRDA:9,3,0,3
BRDA:10,4,0,1
BRDA:10,5,0,2
BRF:6
BRH:6
end_of_record
TN:
SF:resolucoes\18.js
FN:6,reverse
FNF:1
FNH:1
FNDA:11,reverse
DA:1,1
DA:2,1
DA:3,1
DA:4,1
DA:5,1
DA:6,11
DA:7,11
DA:8,11
DA:9,1
DA:10,1
DA:11,1
LF:11
LH:11
BRDA:6,0,0,11
BRF:1
BRH:1
end_of_record
TN:
SF:resolucoes\19.js
FN:7,countVowels
FNF:1
FNH:1
FNDA:6,countVowels
DA:1,1
DA:2,1
DA:3,1
DA:4,1
DA:5,1
DA:6,1
DA:7,6
DA:8,6
DA:9,6
DA:10,6
DA:11,6
DA:12,2
DA:13,2
DA:14,1
DA:15,1
DA:16,1
DA:17,1
DA:18,1
DA:19,1
LF:19
LH:19
BRDA:7,0,0,6
BRDA:10,1,0,4
BRDA:11,2,0,4
BRDA:11,3,0,2
BRF:4
BRH:4
end_of_record
TN:
SF:resolucoes\20.js
FN:8,isPalindrome
FNF:1
FNH:1
FNDA:6,isPalindrome
DA:1,1
DA:2,1
DA:3,1
DA:4,1
DA:5,1
DA:6,1
DA:7,1
DA:8,6
DA:9,6
DA:10,6
DA:11,1
DA:12,1
DA:13,1
LF:13
LH:13
BRDA:8,0,0,6
BRF:1
BRH:1
end_of_record
TN:
SF:resolucoes\21.js
FN:5,randomNumbersArray
FNF:1
FNH:1
FNDA:5,randomNumbersArray
DA:1,1
DA:2,1
DA:3,1
DA:4,1
DA:5,5
DA:6,5
DA:7,5
DA:8,5
DA:9,130
DA:10,130
DA:11,5
DA:12,5
DA:13,5
DA:14,1
DA:15,1
DA:16,1
DA:17,1
DA:18,1
LF:18
LH:18
BRDA:5,0,0,5
BRDA:8,1,0,130
BRF:2
BRH:2
end_of_record
TN:
SF:resolucoes\22.js
FN:7,mostFrequentElement
FNF:1
FNH:1
FNDA:6,mostFrequentElement
DA:1,1
DA:2,1
DA:3,1
DA:4,1
DA:5,1
DA:6,1
DA:7,6
DA:8,6
DA:9,6
DA:10,6
DA:11,6
DA:12,6
DA:13,6
DA:14,6
DA:15,25
DA:16,25
DA:17,9
DA:18,25
DA:19,16
DA:20,3
DA:21,3
DA:22,3
DA:23,3
DA:24,16
DA:25,16
DA:26,16
DA:27,16
DA:28,25
DA:29,6
DA:30,6
DA:31,1
DA:32,1
DA:33,1
LF:33
LH:33
BRDA:7,0,0,6
BRDA:14,1,0,25
BRDA:16,2,0,9
BRDA:18,3,0,16
BRDA:19,4,0,3
BRF:5
BRH:5
end_of_record
TN:
SF:resolucoes\23.js
FN:21,removeDuplicates
FN:25,removeDuplicatesUsingSet
FNF:2
FNH:2
FNDA:4,removeDuplicates
FNDA:4,removeDuplicatesUsingSet
DA:1,1
DA:2,1
DA:3,1
DA:4,1
DA:5,1
DA:6,1
DA:7,1
DA:8,1
DA:9,1
DA:10,1
DA:11,1
DA:12,1
DA:13,1
DA:14,1
DA:15,1
DA:16,1
DA:17,1
DA:18,1
DA:19,1
DA:20,1
DA:21,4
DA:22,4
DA:23,4
DA:24,1
DA:25,4
DA:26,4
DA:27,4
DA:28,1
DA:29,1
DA:30,1
LF:30
LH:30
BRDA:21,0,0,4
BRDA:22,1,0,14
BRDA:25,2,0,4
BRF:3
BRH:3
end_of_record
TN:
SF:resolucoes\24.js
FN:10,concatenate
FN:14,concatenateWithConcat
FNF:2
FNH:2
FNDA:9,concatenate
FNDA:6,concatenateWithConcat
DA:1,1
DA:2,1
DA:3,1
DA:4,1
DA:5,1
DA:6,1
DA:7,1
DA:8,1
DA:9,1
DA:10,9
DA:11,9
DA:12,9
DA:13,1
DA:14,6
DA:15,6
DA:16,6
DA:17,1
DA:18,1
DA:19,1
DA:20,1
DA:21,1
DA:22,1
DA:23,1
DA:24,1
DA:25,1
DA:26,1
DA:27,1
DA:28,1
DA:29,1
DA:30,1
DA:31,1
DA:32,1
DA:33,1
DA:34,1
DA:35,1
DA:36,1
DA:37,1
DA:38,1
DA:39,1
DA:40,1
DA:41,1
DA:42,1
DA:43,1
DA:44,1
LF:44
LH:44
BRDA:10,0,0,9
BRDA:14,1,0,6
BRF:2
BRH:2
end_of_record
TN:
SF:resolucoes\25.js
FN:10,intersection
FNF:1
FNH:1
FNDA:7,intersection
DA:1,1
DA:2,1
DA:3,1
DA:4,1
DA:5,1
DA:6,1
DA:7,1
DA:8,1
DA:9,1
DA:10,7
DA:11,7
DA:12,7
DA:13,1
DA:14,1
DA:15,1
DA:16,1
DA:17,1
DA:18,1
DA:19,1
DA:20,1
DA:21,1
DA:22,1
LF:22
LH:22
BRDA:10,0,0,7
BRDA:11,1,0,35
BRF:2
BRH:2
end_of_record
TN:
SF:resolucoes\26.js
FN:8,average
FNF:1
FNH:1
FNDA:4,average
DA:1,1
DA:2,1
DA:3,1
DA:4,1
DA:5,1
DA:6,1
DA:7,1
DA:8,4
DA:9,4
DA:10,4
DA:11,4
DA:12,1
DA:13,1
DA:14,1
LF:14
LH:14
BRDA:8,0,0,4
BRDA:9,1,0,10
BRF:2
BRH:2
end_of_record
TN:
SF:resolucoes\27.js
FN:19,sum
FNF:1
FNH:1
FNDA:4,sum
DA:1,1
DA:2,1
DA:3,1
DA:4,1
DA:5,1
DA:6,1
DA:7,1
DA:8,1
DA:9,1
DA:10,1
DA:11,1
DA:12,1
DA:13,1
DA:14,1
DA:15,1
DA:16,1
DA:17,1
DA:18,1
DA:19,4
DA:20,4
DA:21,4
DA:22,11
DA:23,11
DA:24,4
DA:25,4
DA:26,1
DA:27,1
LF:27
LH:27
BRDA:19,0,0,4
BRDA:21,1,0,11
BRF:2
BRH:2
end_of_record
TN:
SF:resolucoes\28.js
FN:21,ShowValues
FNF:1
FNH:1
FNDA:2,ShowValues
DA:1,1
DA:2,1
DA:3,1
DA:4,1
DA:5,1
DA:6,1
DA:7,1
DA:8,1
DA:9,1
DA:10,1
DA:11,1
DA:12,1
DA:13,1
DA:14,1
DA:15,1
DA:16,1
DA:17,1
DA:18,1
DA:19,1
DA:20,1
DA:21,2
DA:22,2
DA:23,8
DA:24,4
DA:25,4
DA:26,4
DA:27,4
DA:28,2
DA:29,2
DA:30,1
DA:31,1
DA:32,1
LF:32
LH:32
BRDA:21,0,0,2
BRDA:22,1,0,8
BRDA:23,2,0,4
BRF:3
BRH:3
end_of_record
TN:
SF:resolucoes\29.js
FN:23,concatenateObjects
FNF:1
FNH:1
FNDA:2,concatenateObjects
DA:1,1
DA:2,1
DA:3,1
DA:4,1
DA:5,1
DA:6,1
DA:7,1
DA:8,1
DA:9,1
DA:10,1
DA:11,1
DA:12,1
DA:13,1
DA:14,1
DA:15,1
DA:16,1
DA:17,1
DA:18,1
DA:19,1
DA:20,1
DA:21,1
DA:22,1
DA:23,2
DA:24,2
DA:25,2
DA:26,1
DA:27,1
DA:28,1
DA:29,1
DA:30,1
LF:30
LH:30
BRDA:23,0,0,2
BRF:1
BRH:1
end_of_record
TN:
SF:resolucoes\39.js
FN:5,executeAfterTimer
FNF:1
FNH:1
FNDA:1,executeAfterTimer
DA:1,1
DA:2,1
DA:3,1
DA:4,1
DA:5,1
DA:6,1
DA:7,1
DA:8,1
DA:9,1
DA:10,1
DA:11,1
LF:11
LH:11
BRDA:5,0,0,1
BRF:1
BRH:1
end_of_record
TN:
SF:resolucoes\40.js
FN:5,transformArray
FNF:1
FNH:1
FNDA:5,transformArray
DA:1,1
DA:2,1
DA:3,1
DA:4,1
DA:5,5
DA:6,5
DA:7,5
DA:8,5
DA:9,5
DA:10,1
DA:11,1
DA:12,1
LF:12
LH:12
BRDA:5,0,0,5
BRDA:7,1,0,15
BRF:2
BRH:2
end_of_record
TN:
SF:resolucoes\41.js
FN:5,verifyAndExecute
FN:10,validIntegers
FN:11,add
FN:12,concatenate
FNF:4
FNH:4
FNDA:2,verifyAndExecute
FNDA:6,validIntegers
FNDA:1,add
FNDA:1,concatenate
DA:1,1
DA:2,1
DA:3,1
DA:4,1
DA:5,2
DA:6,2
DA:7,1
DA:8,1
DA:9,1
DA:10,1
DA:11,1
DA:12,1
DA:13,1
DA:14,1
DA:15,1
DA:16,1
DA:17,1
DA:18,1
DA:19,1
DA:20,1
LF:20
LH:20
BRDA:5,0,0,2
BRDA:6,1,0,1
BRDA:10,2,0,6
BRDA:10,3,0,3
BRDA:11,4,0,1
BRDA:12,5,0,1
BRF:6
BRH:6
end_of_record
TN:
SF:resolucoes\42.js
FN:5,fakeAPI
FN:13,callAPI
FNF:2
FNH:1
FNDA:2,fakeAPI
FNDA:0,callAPI
DA:1,1
DA:2,1
DA:3,1
DA:4,1
DA:5,2
DA:6,2
DA:7,2
DA:8,2
DA:9,2
DA:10,2
DA:11,2
DA:12,1
DA:13,0
DA:14,0
DA:15,0
DA:16,0
DA:17,1
DA:18,1
DA:19,1
LF:19
LH:15
BRDA:5,0,0,2
BRDA:6,1,0,2
BRDA:7,2,0,2
BRF:3
BRH:3
end_of_record
